[0.824s] Invoking command in '/home/rocotics/ros2_ws/src/usv_package': PYTHONPATH=/home/rocotics/ros2_ws/src/usv_package/build/usv_package/prefix_override:/home/rocotics/ros2_ws/src/usv_package/install/usv_package/lib/python3.8/site-packages:${PYTHONPATH} /usr/bin/python3 setup.py egg_info --egg-base build/usv_package build --build-base /home/rocotics/ros2_ws/src/usv_package/build/usv_package/build install --record /home/rocotics/ros2_ws/src/usv_package/build/usv_package/install.log --install-scripts $base/lib/usv_package --single-version-externally-managed
[1.091s] running egg_info
[1.092s] creating build/usv_package/usv_package.egg-info
[1.092s] writing build/usv_package/usv_package.egg-info/PKG-INFO
[1.092s] writing dependency_links to build/usv_package/usv_package.egg-info/dependency_links.txt
[1.093s] writing entry points to build/usv_package/usv_package.egg-info/entry_points.txt
[1.093s] writing requirements to build/usv_package/usv_package.egg-info/requires.txt
[1.093s] writing top-level names to build/usv_package/usv_package.egg-info/top_level.txt
[1.097s] writing manifest file 'build/usv_package/usv_package.egg-info/SOURCES.txt'
[1.135s] reading manifest file 'build/usv_package/usv_package.egg-info/SOURCES.txt'
[1.136s] writing manifest file 'build/usv_package/usv_package.egg-info/SOURCES.txt'
[1.136s] running build
[1.137s] running build_py
[1.137s] creating /home/rocotics/ros2_ws/src/usv_package/build/usv_package/build
[1.137s] creating /home/rocotics/ros2_ws/src/usv_package/build/usv_package/build/lib
[1.137s] creating /home/rocotics/ros2_ws/src/usv_package/build/usv_package/build/lib/usv_package
[1.137s] copying usv_package/reload_robot_model.py -> /home/rocotics/ros2_ws/src/usv_package/build/usv_package/build/lib/usv_package
[1.137s] copying usv_package/__init__.py -> /home/rocotics/ros2_ws/src/usv_package/build/usv_package/build/lib/usv_package
[1.137s] running install
[1.138s] running install_lib
[1.139s] creating /home/rocotics/ros2_ws/src/usv_package/install/usv_package/lib/python3.8/site-packages/usv_package
[1.139s] copying /home/rocotics/ros2_ws/src/usv_package/build/usv_package/build/lib/usv_package/reload_robot_model.py -> /home/rocotics/ros2_ws/src/usv_package/install/usv_package/lib/python3.8/site-packages/usv_package
[1.140s] copying /home/rocotics/ros2_ws/src/usv_package/build/usv_package/build/lib/usv_package/__init__.py -> /home/rocotics/ros2_ws/src/usv_package/install/usv_package/lib/python3.8/site-packages/usv_package
[1.140s] byte-compiling /home/rocotics/ros2_ws/src/usv_package/install/usv_package/lib/python3.8/site-packages/usv_package/reload_robot_model.py to reload_robot_model.cpython-38.pyc
[1.143s] byte-compiling /home/rocotics/ros2_ws/src/usv_package/install/usv_package/lib/python3.8/site-packages/usv_package/__init__.py to __init__.cpython-38.pyc
[1.143s] running install_data
[1.144s] creating /home/rocotics/ros2_ws/src/usv_package/install/usv_package/share/ament_index
[1.144s] creating /home/rocotics/ros2_ws/src/usv_package/install/usv_package/share/ament_index/resource_index
[1.144s] creating /home/rocotics/ros2_ws/src/usv_package/install/usv_package/share/ament_index/resource_index/packages
[1.144s] copying resource/usv_package -> /home/rocotics/ros2_ws/src/usv_package/install/usv_package/share/ament_index/resource_index/packages
[1.145s] copying package.xml -> /home/rocotics/ros2_ws/src/usv_package/install/usv_package/share/usv_package
[1.145s] creating /home/rocotics/ros2_ws/src/usv_package/install/usv_package/share/usv_package/launch
[1.145s] copying launch/mobile_manipulator.launch.py -> /home/rocotics/ros2_ws/src/usv_package/install/usv_package/share/usv_package/launch
[1.145s] copying launch/robot_spawn.launch.py -> /home/rocotics/ros2_ws/src/usv_package/install/usv_package/share/usv_package/launch
[1.145s] copying launch/auto_spawn.launch.py -> /home/rocotics/ros2_ws/src/usv_package/install/usv_package/share/usv_package/launch
[1.145s] copying launch/start_gazebo.launch.py -> /home/rocotics/ros2_ws/src/usv_package/install/usv_package/share/usv_package/launch
[1.145s] creating /home/rocotics/ros2_ws/src/usv_package/install/usv_package/share/usv_package/urdf
[1.145s] copying urdf/ele306baat.urdf.xacro -> /home/rocotics/ros2_ws/src/usv_package/install/usv_package/share/usv_package/urdf
[1.146s] copying urdf/robot_description.urdf.xacro -> /home/rocotics/ros2_ws/src/usv_package/install/usv_package/share/usv_package/urdf
[1.146s] copying urdf/common_macros.xacro -> /home/rocotics/ros2_ws/src/usv_package/install/usv_package/share/usv_package/urdf
[1.146s] creating /home/rocotics/ros2_ws/src/usv_package/install/usv_package/share/usv_package/meshes
[1.146s] copying meshes/base_mesh.stl -> /home/rocotics/ros2_ws/src/usv_package/install/usv_package/share/usv_package/meshes
[1.147s] copying meshes/link_2_mesh.stl -> /home/rocotics/ros2_ws/src/usv_package/install/usv_package/share/usv_package/meshes
[1.148s] copying meshes/wheel_mesh.stl -> /home/rocotics/ros2_ws/src/usv_package/install/usv_package/share/usv_package/meshes
[1.149s] copying meshes/arm_base_mesh.stl -> /home/rocotics/ros2_ws/src/usv_package/install/usv_package/share/usv_package/meshes
[1.152s] copying meshes/base_link.stl -> /home/rocotics/ros2_ws/src/usv_package/install/usv_package/share/usv_package/meshes
[1.153s] copying meshes/gripper_base_mesh.stl -> /home/rocotics/ros2_ws/src/usv_package/install/usv_package/share/usv_package/meshes
[1.175s] copying meshes/link_1_mesh.stl -> /home/rocotics/ros2_ws/src/usv_package/install/usv_package/share/usv_package/meshes
[1.176s] copying meshes/gripper_finger_mesh.stl -> /home/rocotics/ros2_ws/src/usv_package/install/usv_package/share/usv_package/meshes
[1.180s] copying meshes/link_3_mesh.stl -> /home/rocotics/ros2_ws/src/usv_package/install/usv_package/share/usv_package/meshes
[1.181s] creating /home/rocotics/ros2_ws/src/usv_package/install/usv_package/share/usv_package/worlds
[1.181s] copying worlds/usv_ocean.world -> /home/rocotics/ros2_ws/src/usv_package/install/usv_package/share/usv_package/worlds
[1.182s] running install_egg_info
[1.184s] Copying build/usv_package/usv_package.egg-info to /home/rocotics/ros2_ws/src/usv_package/install/usv_package/lib/python3.8/site-packages/usv_package-0.0.0-py3.8.egg-info
[1.185s] running install_scripts
[1.202s] Installing reload_robot_model script to /home/rocotics/ros2_ws/src/usv_package/install/usv_package/lib/usv_package
[1.203s] writing list of installed files to '/home/rocotics/ros2_ws/src/usv_package/build/usv_package/install.log'
[1.222s] Invoked command in '/home/rocotics/ros2_ws/src/usv_package' returned '0': PYTHONPATH=/home/rocotics/ros2_ws/src/usv_package/build/usv_package/prefix_override:/home/rocotics/ros2_ws/src/usv_package/install/usv_package/lib/python3.8/site-packages:${PYTHONPATH} /usr/bin/python3 setup.py egg_info --egg-base build/usv_package build --build-base /home/rocotics/ros2_ws/src/usv_package/build/usv_package/build install --record /home/rocotics/ros2_ws/src/usv_package/build/usv_package/install.log --install-scripts $base/lib/usv_package --single-version-externally-managed
