[0.671s] Invoking command in '/home/rocotics/ros2_ws/src/usv_package': PYTHONPATH=/home/rocotics/ros2_ws/src/usv_package/build/usv_package/prefix_override:/home/rocotics/ros2_ws/src/usv_package/install/usv_package/lib/python3.8/site-packages:${PYTHONPATH} /usr/bin/python3 setup.py egg_info --egg-base build/usv_package build --build-base /home/rocotics/ros2_ws/src/usv_package/build/usv_package/build install --record /home/rocotics/ros2_ws/src/usv_package/build/usv_package/install.log --install-scripts $base/lib/usv_package --single-version-externally-managed
[0.877s] running egg_info
[0.878s] writing build/usv_package/usv_package.egg-info/PKG-INFO
[0.878s] writing dependency_links to build/usv_package/usv_package.egg-info/dependency_links.txt
[0.879s] writing entry points to build/usv_package/usv_package.egg-info/entry_points.txt
[0.879s] writing requirements to build/usv_package/usv_package.egg-info/requires.txt
[0.880s] writing top-level names to build/usv_package/usv_package.egg-info/top_level.txt
[0.909s] reading manifest file 'build/usv_package/usv_package.egg-info/SOURCES.txt'
[0.910s] writing manifest file 'build/usv_package/usv_package.egg-info/SOURCES.txt'
[0.910s] running build
[0.910s] running build_py
[0.910s] running install
[0.911s] running install_lib
[0.912s] running install_data
[0.913s] running install_egg_info
[0.914s] removing '/home/rocotics/ros2_ws/src/usv_package/install/usv_package/lib/python3.8/site-packages/usv_package-0.0.0-py3.8.egg-info' (and everything under it)
[0.915s] Copying build/usv_package/usv_package.egg-info to /home/rocotics/ros2_ws/src/usv_package/install/usv_package/lib/python3.8/site-packages/usv_package-0.0.0-py3.8.egg-info
[0.916s] running install_scripts
[0.933s] Installing reload_robot_model script to /home/rocotics/ros2_ws/src/usv_package/install/usv_package/lib/usv_package
[0.933s] Installing thruster_mixer script to /home/rocotics/ros2_ws/src/usv_package/install/usv_package/lib/usv_package
[0.933s] writing list of installed files to '/home/rocotics/ros2_ws/src/usv_package/build/usv_package/install.log'
[0.956s] Invoked command in '/home/rocotics/ros2_ws/src/usv_package' returned '0': PYTHONPATH=/home/rocotics/ros2_ws/src/usv_package/build/usv_package/prefix_override:/home/rocotics/ros2_ws/src/usv_package/install/usv_package/lib/python3.8/site-packages:${PYTHONPATH} /usr/bin/python3 setup.py egg_info --egg-base build/usv_package build --build-base /home/rocotics/ros2_ws/src/usv_package/build/usv_package/build install --record /home/rocotics/ros2_ws/src/usv_package/build/usv_package/install.log --install-scripts $base/lib/usv_package --single-version-externally-managed
