/home/rocotics/ros2_ws/src/usv_package/install/usv_package/lib/python3.8/site-packages/usv_package/thruster_mixer.py
/home/rocotics/ros2_ws/src/usv_package/install/usv_package/lib/python3.8/site-packages/usv_package/reload_robot_model.py
/home/rocotics/ros2_ws/src/usv_package/install/usv_package/lib/python3.8/site-packages/usv_package/__init__.py
/home/rocotics/ros2_ws/src/usv_package/install/usv_package/lib/python3.8/site-packages/usv_package/__pycache__/thruster_mixer.cpython-38.pyc
/home/rocotics/ros2_ws/src/usv_package/install/usv_package/lib/python3.8/site-packages/usv_package/__pycache__/reload_robot_model.cpython-38.pyc
/home/rocotics/ros2_ws/src/usv_package/install/usv_package/lib/python3.8/site-packages/usv_package/__pycache__/__init__.cpython-38.pyc
/home/rocotics/ros2_ws/src/usv_package/install/usv_package/share/ament_index/resource_index/packages/usv_package
/home/rocotics/ros2_ws/src/usv_package/install/usv_package/share/usv_package/package.xml
/home/rocotics/ros2_ws/src/usv_package/install/usv_package/share/usv_package/launch/mobile_manipulator.launch.py
/home/rocotics/ros2_ws/src/usv_package/install/usv_package/share/usv_package/launch/robot_spawn.launch.py
/home/rocotics/ros2_ws/src/usv_package/install/usv_package/share/usv_package/launch/start_gazebo.launch.py
/home/rocotics/ros2_ws/src/usv_package/install/usv_package/share/usv_package/urdf/ele306baat.urdf.xacro
/home/rocotics/ros2_ws/src/usv_package/install/usv_package/share/usv_package/urdf/robot_description.urdf.xacro
/home/rocotics/ros2_ws/src/usv_package/install/usv_package/share/usv_package/urdf/common_macros.xacro
/home/rocotics/ros2_ws/src/usv_package/install/usv_package/share/usv_package/meshes/base_mesh.stl
/home/rocotics/ros2_ws/src/usv_package/install/usv_package/share/usv_package/meshes/link_2_mesh.stl
/home/rocotics/ros2_ws/src/usv_package/install/usv_package/share/usv_package/meshes/wheel_mesh.stl
/home/rocotics/ros2_ws/src/usv_package/install/usv_package/share/usv_package/meshes/arm_base_mesh.stl
/home/rocotics/ros2_ws/src/usv_package/install/usv_package/share/usv_package/meshes/base_link.stl
/home/rocotics/ros2_ws/src/usv_package/install/usv_package/share/usv_package/meshes/gripper_base_mesh.stl
/home/rocotics/ros2_ws/src/usv_package/install/usv_package/share/usv_package/meshes/link_1_mesh.stl
/home/rocotics/ros2_ws/src/usv_package/install/usv_package/share/usv_package/meshes/gripper_finger_mesh.stl
/home/rocotics/ros2_ws/src/usv_package/install/usv_package/share/usv_package/meshes/link_3_mesh.stl
/home/rocotics/ros2_ws/src/usv_package/install/usv_package/share/usv_package/worlds/usv_ocean.world
/home/rocotics/ros2_ws/src/usv_package/install/usv_package/lib/python3.8/site-packages/usv_package-0.0.0-py3.8.egg-info/entry_points.txt
/home/rocotics/ros2_ws/src/usv_package/install/usv_package/lib/python3.8/site-packages/usv_package-0.0.0-py3.8.egg-info/zip-safe
/home/rocotics/ros2_ws/src/usv_package/install/usv_package/lib/python3.8/site-packages/usv_package-0.0.0-py3.8.egg-info/dependency_links.txt
/home/rocotics/ros2_ws/src/usv_package/install/usv_package/lib/python3.8/site-packages/usv_package-0.0.0-py3.8.egg-info/SOURCES.txt
/home/rocotics/ros2_ws/src/usv_package/install/usv_package/lib/python3.8/site-packages/usv_package-0.0.0-py3.8.egg-info/PKG-INFO
/home/rocotics/ros2_ws/src/usv_package/install/usv_package/lib/python3.8/site-packages/usv_package-0.0.0-py3.8.egg-info/top_level.txt
/home/rocotics/ros2_ws/src/usv_package/install/usv_package/lib/python3.8/site-packages/usv_package-0.0.0-py3.8.egg-info/requires.txt
/home/rocotics/ros2_ws/src/usv_package/install/usv_package/lib/usv_package/reload_robot_model
/home/rocotics/ros2_ws/src/usv_package/install/usv_package/lib/usv_package/thruster_mixer
