[0.495s] DEBUG:colcon:Command line arguments: ['/usr/bin/colcon', 'build']
[0.495s] DEBUG:colcon:Parsed command line arguments: Namespace(allow_overriding=[], ament_cmake_args=None, base_paths=['.'], build_base='build', catkin_cmake_args=None, catkin_skip_building_tests=False, cmake_args=None, cmake_clean_cache=False, cmake_clean_first=False, cmake_force_configure=False, cmake_target=None, cmake_target_skip_unavailable=False, continue_on_error=False, event_handlers=None, executor='parallel', ignore_user_meta=False, install_base='install', log_base=None, log_level=None, main=<bound method BuildVerb.main of <colcon_core.verb.build.BuildVerb object at 0x7f1f8bd79af0>>, merge_install=False, metas=['./colcon.meta'], packages_above=None, packages_above_and_dependencies=None, packages_above_depth=None, packages_end=None, packages_ignore=None, packages_ignore_regex=None, packages_select=None, packages_select_build_failed=False, packages_select_by_dep=None, packages_select_regex=None, packages_select_test_failures=False, packages_skip=None, packages_skip_build_finished=False, packages_skip_by_dep=None, packages_skip_regex=None, packages_skip_test_passed=False, packages_skip_up_to=None, packages_start=None, packages_up_to=None, packages_up_to_regex=None, parallel_workers=4, paths=None, symlink_install=False, test_result_base=None, verb_extension=<colcon_core.verb.build.BuildVerb object at 0x7f1f8bd79af0>, verb_name='build', verb_parser=<colcon_defaults.argument_parser.defaults.DefaultArgumentsDecorator object at 0x7f1f8bd830a0>)
[0.550s] Level 1:colcon.colcon_core.package_discovery:discover_packages(colcon_meta) check parameters
[0.550s] Level 1:colcon.colcon_core.package_discovery:discover_packages(recursive) check parameters
[0.550s] Level 1:colcon.colcon_core.package_discovery:discover_packages(ignore) check parameters
[0.550s] Level 1:colcon.colcon_core.package_discovery:discover_packages(path) check parameters
[0.550s] Level 1:colcon.colcon_core.package_discovery:discover_packages(colcon_meta) discover
[0.550s] Level 1:colcon.colcon_core.package_discovery:discover_packages(recursive) discover
[0.551s] INFO:colcon.colcon_core.package_discovery:Crawling recursively for packages in '/home/rocotics/ros2_ws/src/usv_package'
[0.551s] Level 1:colcon.colcon_core.package_identification:_identify(.) by extensions ['ignore', 'ignore_ament_install']
[0.551s] Level 1:colcon.colcon_core.package_identification:_identify(.) by extension 'ignore'
[0.551s] Level 1:colcon.colcon_core.package_identification:_identify(.) by extension 'ignore_ament_install'
[0.551s] Level 1:colcon.colcon_core.package_identification:_identify(.) by extensions ['colcon_pkg']
[0.551s] Level 1:colcon.colcon_core.package_identification:_identify(.) by extension 'colcon_pkg'
[0.551s] Level 1:colcon.colcon_core.package_identification:_identify(.) by extensions ['colcon_meta']
[0.551s] Level 1:colcon.colcon_core.package_identification:_identify(.) by extension 'colcon_meta'
[0.551s] Level 1:colcon.colcon_core.package_identification:_identify(.) by extensions ['ros']
[0.551s] Level 1:colcon.colcon_core.package_identification:_identify(.) by extension 'ros'
[0.567s] DEBUG:colcon.colcon_core.package_identification:Package '.' with type 'ros.ament_python' and name 'usv_package'
[0.567s] Level 1:colcon.colcon_core.package_discovery:discover_packages(recursive) using defaults
[0.567s] Level 1:colcon.colcon_core.package_discovery:discover_packages(ignore) discover
[0.567s] Level 1:colcon.colcon_core.package_discovery:discover_packages(ignore) using defaults
[0.567s] Level 1:colcon.colcon_core.package_discovery:discover_packages(path) discover
[0.567s] Level 1:colcon.colcon_core.package_discovery:discover_packages(path) using defaults
[0.597s] Level 1:colcon.colcon_core.package_discovery:discover_packages(prefix_path) check parameters
[0.597s] Level 1:colcon.colcon_core.package_discovery:discover_packages(prefix_path) discover
[0.603s] DEBUG:colcon.colcon_installed_package_information.package_discovery:Found 12 installed packages in /home/rocotics/ros2_ws/install
[0.606s] DEBUG:colcon.colcon_installed_package_information.package_discovery:Found 391 installed packages in /opt/ros/foxy
[0.609s] Level 1:colcon.colcon_core.package_discovery:discover_packages(prefix_path) using defaults
[0.735s] Level 5:colcon.colcon_core.verb:set package 'usv_package' build argument 'cmake_args' from command line to 'None'
[0.735s] Level 5:colcon.colcon_core.verb:set package 'usv_package' build argument 'cmake_target' from command line to 'None'
[0.736s] Level 5:colcon.colcon_core.verb:set package 'usv_package' build argument 'cmake_target_skip_unavailable' from command line to 'False'
[0.736s] Level 5:colcon.colcon_core.verb:set package 'usv_package' build argument 'cmake_clean_cache' from command line to 'False'
[0.736s] Level 5:colcon.colcon_core.verb:set package 'usv_package' build argument 'cmake_clean_first' from command line to 'False'
[0.736s] Level 5:colcon.colcon_core.verb:set package 'usv_package' build argument 'cmake_force_configure' from command line to 'False'
[0.736s] Level 5:colcon.colcon_core.verb:set package 'usv_package' build argument 'ament_cmake_args' from command line to 'None'
[0.736s] Level 5:colcon.colcon_core.verb:set package 'usv_package' build argument 'catkin_cmake_args' from command line to 'None'
[0.736s] Level 5:colcon.colcon_core.verb:set package 'usv_package' build argument 'catkin_skip_building_tests' from command line to 'False'
[0.736s] DEBUG:colcon.colcon_core.verb:Building package 'usv_package' with the following arguments: {'ament_cmake_args': None, 'build_base': '/home/rocotics/ros2_ws/src/usv_package/build/usv_package', 'catkin_cmake_args': None, 'catkin_skip_building_tests': False, 'cmake_args': None, 'cmake_clean_cache': False, 'cmake_clean_first': False, 'cmake_force_configure': False, 'cmake_target': None, 'cmake_target_skip_unavailable': False, 'install_base': '/home/rocotics/ros2_ws/src/usv_package/install/usv_package', 'merge_install': False, 'path': '/home/rocotics/ros2_ws/src/usv_package', 'symlink_install': False, 'test_result_base': None}
[0.737s] INFO:colcon.colcon_core.executor:Executing jobs using 'parallel' executor
[0.742s] DEBUG:colcon.colcon_parallel_executor.executor.parallel:run_until_complete
[0.742s] INFO:colcon.colcon_ros.task.ament_python.build:Building ROS package in '/home/rocotics/ros2_ws/src/usv_package' with build type 'ament_python'
[0.742s] Level 1:colcon.colcon_core.shell:create_environment_hook('usv_package', 'ament_prefix_path')
[0.751s] INFO:colcon.colcon_core.plugin_system:Skipping extension 'colcon_core.shell.bat': Not used on non-Windows systems
[0.751s] INFO:colcon.colcon_core.shell:Creating environment hook '/home/rocotics/ros2_ws/src/usv_package/install/usv_package/share/usv_package/hook/ament_prefix_path.ps1'
[0.752s] INFO:colcon.colcon_core.shell:Creating environment descriptor '/home/rocotics/ros2_ws/src/usv_package/install/usv_package/share/usv_package/hook/ament_prefix_path.dsv'
[0.753s] INFO:colcon.colcon_core.shell:Creating environment hook '/home/rocotics/ros2_ws/src/usv_package/install/usv_package/share/usv_package/hook/ament_prefix_path.sh'
[0.756s] INFO:colcon.colcon_core.shell:Skip shell extension 'powershell' for command environment: Not usable outside of PowerShell
[0.756s] DEBUG:colcon.colcon_core.shell:Skip shell extension 'dsv' for command environment
[1.016s] INFO:colcon.colcon_core.task.python.build:Building Python package in '/home/rocotics/ros2_ws/src/usv_package'
[1.020s] INFO:colcon.colcon_core.shell:Skip shell extension 'powershell' for command environment: Not usable outside of PowerShell
[1.020s] DEBUG:colcon.colcon_core.shell:Skip shell extension 'dsv' for command environment
[1.542s] DEBUG:colcon.colcon_core.event_handler.log_command:Invoking command in '/home/rocotics/ros2_ws/src/usv_package': PYTHONPATH=/home/rocotics/ros2_ws/src/usv_package/build/usv_package/prefix_override:/home/rocotics/ros2_ws/src/usv_package/install/usv_package/lib/python3.8/site-packages:${PYTHONPATH} /usr/bin/python3 setup.py egg_info --egg-base build/usv_package build --build-base /home/rocotics/ros2_ws/src/usv_package/build/usv_package/build install --record /home/rocotics/ros2_ws/src/usv_package/build/usv_package/install.log --install-scripts $base/lib/usv_package --single-version-externally-managed
[1.847s] DEBUG:colcon.colcon_core.event_handler.log_command:Invoked command in '/home/rocotics/ros2_ws/src/usv_package' returned '0': PYTHONPATH=/home/rocotics/ros2_ws/src/usv_package/build/usv_package/prefix_override:/home/rocotics/ros2_ws/src/usv_package/install/usv_package/lib/python3.8/site-packages:${PYTHONPATH} /usr/bin/python3 setup.py egg_info --egg-base build/usv_package build --build-base /home/rocotics/ros2_ws/src/usv_package/build/usv_package/build install --record /home/rocotics/ros2_ws/src/usv_package/build/usv_package/install.log --install-scripts $base/lib/usv_package --single-version-externally-managed
[1.858s] Level 1:colcon.colcon_core.environment:checking '/home/rocotics/ros2_ws/src/usv_package/install/usv_package' for CMake module files
[1.859s] Level 1:colcon.colcon_core.environment:checking '/home/rocotics/ros2_ws/src/usv_package/install/usv_package' for CMake config files
[1.860s] Level 1:colcon.colcon_core.environment:checking '/home/rocotics/ros2_ws/src/usv_package/install/usv_package/lib'
[1.860s] Level 1:colcon.colcon_core.environment:checking '/home/rocotics/ros2_ws/src/usv_package/install/usv_package/bin'
[1.860s] Level 1:colcon.colcon_core.environment:checking '/home/rocotics/ros2_ws/src/usv_package/install/usv_package/lib/pkgconfig/usv_package.pc'
[1.860s] Level 1:colcon.colcon_core.environment:checking '/home/rocotics/ros2_ws/src/usv_package/install/usv_package/lib/python3.8/site-packages'
[1.860s] Level 1:colcon.colcon_core.shell:create_environment_hook('usv_package', 'pythonpath')
[1.863s] INFO:colcon.colcon_core.shell:Creating environment hook '/home/rocotics/ros2_ws/src/usv_package/install/usv_package/share/usv_package/hook/pythonpath.ps1'
[1.864s] INFO:colcon.colcon_core.shell:Creating environment descriptor '/home/rocotics/ros2_ws/src/usv_package/install/usv_package/share/usv_package/hook/pythonpath.dsv'
[1.865s] INFO:colcon.colcon_core.shell:Creating environment hook '/home/rocotics/ros2_ws/src/usv_package/install/usv_package/share/usv_package/hook/pythonpath.sh'
[1.865s] Level 1:colcon.colcon_core.environment:checking '/home/rocotics/ros2_ws/src/usv_package/install/usv_package/bin'
[1.865s] Level 1:colcon.colcon_core.environment:create_environment_scripts_only(usv_package)
[1.868s] INFO:colcon.colcon_core.shell:Creating package script '/home/rocotics/ros2_ws/src/usv_package/install/usv_package/share/usv_package/package.ps1'
[1.870s] INFO:colcon.colcon_core.shell:Creating package descriptor '/home/rocotics/ros2_ws/src/usv_package/install/usv_package/share/usv_package/package.dsv'
[1.872s] INFO:colcon.colcon_core.shell:Creating package script '/home/rocotics/ros2_ws/src/usv_package/install/usv_package/share/usv_package/package.sh'
[1.873s] INFO:colcon.colcon_core.shell:Creating package script '/home/rocotics/ros2_ws/src/usv_package/install/usv_package/share/usv_package/package.bash'
[1.874s] INFO:colcon.colcon_core.shell:Creating package script '/home/rocotics/ros2_ws/src/usv_package/install/usv_package/share/usv_package/package.zsh'
[1.876s] Level 1:colcon.colcon_core.environment:create_file_with_runtime_dependencies(/home/rocotics/ros2_ws/src/usv_package/install/usv_package/share/colcon-core/packages/usv_package)
[1.876s] DEBUG:colcon.colcon_parallel_executor.executor.parallel:closing loop
[1.878s] DEBUG:colcon.colcon_parallel_executor.executor.parallel:loop closed
[1.878s] DEBUG:colcon.colcon_parallel_executor.executor.parallel:run_until_complete finished with '0'
[1.878s] DEBUG:colcon.colcon_core.event_reactor:joining thread
[1.886s] INFO:colcon.colcon_core.plugin_system:Skipping extension 'colcon_notification.desktop_notification.terminal_notifier': Not used on non-Darwin systems
[1.886s] INFO:colcon.colcon_core.plugin_system:Skipping extension 'colcon_notification.desktop_notification.win32': Not used on non-Windows systems
[1.886s] INFO:colcon.colcon_notification.desktop_notification:Sending desktop notification using 'notify2'
[1.915s] DEBUG:colcon.colcon_core.event_reactor:joined thread
[1.919s] INFO:colcon.colcon_core.shell:Creating prefix script '/home/rocotics/ros2_ws/src/usv_package/install/local_setup.ps1'
[1.920s] INFO:colcon.colcon_core.shell:Creating prefix util module '/home/rocotics/ros2_ws/src/usv_package/install/_local_setup_util_ps1.py'
[1.923s] INFO:colcon.colcon_core.shell:Creating prefix chain script '/home/rocotics/ros2_ws/src/usv_package/install/setup.ps1'
[1.926s] INFO:colcon.colcon_core.shell:Creating prefix script '/home/rocotics/ros2_ws/src/usv_package/install/local_setup.sh'
[1.927s] INFO:colcon.colcon_core.shell:Creating prefix util module '/home/rocotics/ros2_ws/src/usv_package/install/_local_setup_util_sh.py'
[1.928s] INFO:colcon.colcon_core.shell:Creating prefix chain script '/home/rocotics/ros2_ws/src/usv_package/install/setup.sh'
[1.930s] INFO:colcon.colcon_core.shell:Creating prefix script '/home/rocotics/ros2_ws/src/usv_package/install/local_setup.bash'
[1.931s] INFO:colcon.colcon_core.shell:Creating prefix chain script '/home/rocotics/ros2_ws/src/usv_package/install/setup.bash'
[1.933s] INFO:colcon.colcon_core.shell:Creating prefix script '/home/rocotics/ros2_ws/src/usv_package/install/local_setup.zsh'
[1.934s] INFO:colcon.colcon_core.shell:Creating prefix chain script '/home/rocotics/ros2_ws/src/usv_package/install/setup.zsh'
